<?xml version="1.0" encoding="UTF-8"?>
<testsuite xmlns:xsi="http://www.w3.org/2001/XMLSchema-instance" xsi:noNamespaceSchemaLocation="https://maven.apache.org/surefire/maven-surefire-plugin/xsd/surefire-test-report.xsd" name="com.madis.ImageProcessorTest" time="0.671" tests="7" errors="0" skipped="0" failures="0">
  <properties>
[...]
</properties>
  <testcase name="testResizeImage" classname="com.madis.ImageProcessorTest" time="0.18"/>
  <testcase name="testCropHalf" classname="com.madis.ImageProcessorTest" time="0.047"/>
  <testcase name="testGrayscale" classname="com.madis.ImageProcessorTest" time="0.066"/>
  <testcase name="testBatchProcessing" classname="com.madis.ImageProcessorTest" time="0.174"/>
  <testcase name="testRotate90" classname="com.madis.ImageProcessorTest" time="0.022"/>
  <testcase name="testSaveImage" classname="com.madis.ImageProcessorTest" time="0.152"/>
  <testcase name="testLoadImage" classname="com.madis.ImageProcessorTest" time="0.012"/>
</testsuite>